# JRE version: OpenJDK Runtime Environment JBR-17.0.5+1-653.6-nomod (17.0.5+1) (build 17.0.5+1-b653.6)
# Java VM: OpenJDK 64-Bit Server VM JBR-17.0.5+1-653.6-nomod (17.0.5+1-b653.6, mixed mode, tiered, compressed oops, compressed class ptrs, g1 gc, windows-amd64)
GC Precious Log:
 CPUs: 8 total, 8 available
 Memory: 7874M
 Large Page Support: Disabled
 NUMA Support: Disabled
 Compressed Oops: Enabled (32-bit)
 Heap Region Size: 1M
 Heap Min Capacity: 8M
 Heap Initial Capacity: 124M
 Heap Max Capacity: 1970M
 Pre-touch: Disabled
 Parallel Workers: 8
 Concurrent Workers: 2
 Concurrent Refinement Workers: 8
 Periodic GC: Disabled
Heap:
 garbage-first heap   total 376832K, used 110930K [0x0000000084e00000, 0x0000000100000000)
  region size 1024K, 34 young (34816K), 10 survivors (10240K)
 Metaspace       used 102073K, committed 102784K, reserved 1138688K
  class space    used 13821K, committed 14144K, reserved 1048576K
GC Heap History (20 events):
Event: 30.654 GC heap before
{Heap before GC invocations=48 (full 0):
 garbage-first heap   total 99328K, used 53374K [0x0000000084e00000, 0x0000000100000000)
  region size 1024K, 4 young (4096K), 3 survivors (3072K)
 Metaspace       used 85773K, committed 86272K, reserved 1130496K
  class space    used 11654K, committed 11904K, reserved 1048576K
}
Event: 30.659 GC heap after
{Heap after GC invocations=49 (full 0):
 garbage-first heap   total 134144K, used 52180K [0x0000000084e00000, 0x0000000100000000)
  region size 1024K, 1 young (1024K), 1 survivors (1024K)
 Metaspace       used 85773K, committed 86272K, reserved 1130496K
  class space    used 11654K, committed 11904K, reserved 1048576K
}
Event: 31.185 GC heap before
{Heap before GC invocations=49 (full 0):
 garbage-first heap   total 134144K, used 98260K [0x0000000084e00000, 0x0000000100000000)
  region size 1024K, 46 young (47104K), 1 survivors (1024K)
 Metaspace       used 86236K, committed 86784K, reserved 1130496K
  class space    used 11732K, committed 11968K, reserved 1048576K
}
Event: 31.188 GC heap after
{Heap after GC invocations=50 (full 0):
 garbage-first heap   total 134144K, used 53343K [0x0000000084e00000, 0x0000000100000000)
  region size 1024K, 2 young (2048K), 2 survivors (2048K)
 Metaspace       used 86236K, committed 86784K, reserved 1130496K
  class space    used 11732K, committed 11968K, reserved 1048576K
}
Event: 31.503 GC heap before
{Heap before GC invocations=50 (full 0):
 garbage-first heap   total 134144K, used 100447K [0x0000000084e00000, 0x0000000100000000)
  region size 1024K, 48 young (49152K), 2 survivors (2048K)
 Metaspace       used 86550K, committed 87040K, reserved 1130496K
  class space    used 11755K, committed 11968K, reserved 1048576K
}
Event: 31.507 GC heap after
{Heap after GC invocations=51 (full 0):
 garbage-first heap   total 134144K, used 54070K [0x0000000084e00000, 0x0000000100000000)
  region size 1024K, 3 young (3072K), 3 survivors (3072K)
 Metaspace       used 86550K, committed 87040K, reserved 1130496K
  class space    used 11755K, committed 11968K, reserved 1048576K
}
Event: 33.185 GC heap before
{Heap before GC invocations=51 (full 0):
 garbage-first heap   total 134144K, used 105270K [0x0000000084e00000, 0x0000000100000000)
  region size 1024K, 53 young (54272K), 3 survivors (3072K)
 Metaspace       used 89459K, committed 90048K, reserved 1130496K
  class space    used 12161K, committed 12416K, reserved 1048576K
}
Event: 33.192 GC heap after
{Heap after GC invocations=52 (full 0):
 garbage-first heap   total 134144K, used 55920K [0x0000000084e00000, 0x0000000100000000)
  region size 1024K, 5 young (5120K), 5 survivors (5120K)
 Metaspace       used 89459K, committed 90048K, reserved 1130496K
  class space    used 12161K, committed 12416K, reserved 1048576K
}
Event: 36.859 GC heap before
{Heap before GC invocations=52 (full 0):
 garbage-first heap   total 134144K, used 108144K [0x0000000084e00000, 0x0000000100000000)
  region size 1024K, 56 young (57344K), 5 survivors (5120K)
 Metaspace       used 97552K, committed 98112K, reserved 1138688K
  class space    used 13251K, committed 13504K, reserved 1048576K
}
Event: 36.873 GC heap after
{Heap after GC invocations=53 (full 0):
 garbage-first heap   total 134144K, used 61846K [0x0000000084e00000, 0x0000000100000000)
  region size 1024K, 7 young (7168K), 7 survivors (7168K)
 Metaspace       used 97552K, committed 98112K, reserved 1138688K
  class space    used 13251K, committed 13504K, reserved 1048576K
}
Event: 37.787 GC heap before
{Heap before GC invocations=53 (full 0):
 garbage-first heap   total 134144K, used 106902K [0x0000000084e00000, 0x0000000100000000)
  region size 1024K, 51 young (52224K), 7 survivors (7168K)
 Metaspace       used 98586K, committed 99136K, reserved 1138688K
  class space    used 13353K, committed 13632K, reserved 1048576K
}
Event: 37.803 GC heap after
{Heap after GC invocations=54 (full 0):
 garbage-first heap   total 134144K, used 72756K [0x0000000084e00000, 0x0000000100000000)
  region size 1024K, 7 young (7168K), 7 survivors (7168K)
 Metaspace       used 98586K, committed 99136K, reserved 1138688K
  class space    used 13353K, committed 13632K, reserved 1048576K
}
Event: 38.041 GC heap before
{Heap before GC invocations=54 (full 0):
 garbage-first heap   total 134144K, used 96308K [0x0000000084e00000, 0x0000000100000000)
  region size 1024K, 32 young (32768K), 7 survivors (7168K)
 Metaspace       used 98755K, committed 99328K, reserved 1138688K
  class space    used 13368K, committed 13632K, reserved 1048576K
}
Event: 38.052 GC heap after
{Heap after GC invocations=55 (full 0):
 garbage-first heap   total 134144K, used 79034K [0x0000000084e00000, 0x0000000100000000)
  region size 1024K, 5 young (5120K), 5 survivors (5120K)
 Metaspace       used 98755K, committed 99328K, reserved 1138688K
  class space    used 13368K, committed 13632K, reserved 1048576K
}
Event: 38.258 GC heap before
{Heap before GC invocations=56 (full 0):
 garbage-first heap   total 158720K, used 103610K [0x0000000084e00000, 0x0000000100000000)
  region size 1024K, 30 young (30720K), 5 survivors (5120K)
 Metaspace       used 98776K, committed 99328K, reserved 1138688K
  class space    used 13368K, committed 13632K, reserved 1048576K
}
Event: 38.268 GC heap after
{Heap after GC invocations=57 (full 0):
 garbage-first heap   total 158720K, used 83154K [0x0000000084e00000, 0x0000000100000000)
  region size 1024K, 4 young (4096K), 4 survivors (4096K)
 Metaspace       used 98776K, committed 99328K, reserved 1138688K
  class space    used 13368K, committed 13632K, reserved 1048576K
}
Event: 38.292 GC heap before
{Heap before GC invocations=57 (full 0):
 garbage-first heap   total 158720K, used 86226K [0x0000000084e00000, 0x0000000100000000)
  region size 1024K, 7 young (7168K), 4 survivors (4096K)
 Metaspace       used 98780K, committed 99328K, reserved 1138688K
  class space    used 13368K, committed 13632K, reserved 1048576K
}
Event: 38.302 GC heap after
{Heap after GC invocations=58 (full 0):
 garbage-first heap   total 376832K, used 78848K [0x0000000084e00000, 0x0000000100000000)
  region size 1024K, 1 young (1024K), 1 survivors (1024K)
 Metaspace       used 98780K, committed 99328K, reserved 1138688K
  class space    used 13368K, committed 13632K, reserved 1048576K
}
Event: 39.886 GC heap before
{Heap before GC invocations=58 (full 0):
 garbage-first heap   total 376832K, used 239616K [0x0000000084e00000, 0x0000000100000000)
  region size 1024K, 157 young (160768K), 1 survivors (1024K)
 Metaspace       used 99388K, committed 99968K, reserved 1138688K
  class space    used 13425K, committed 13696K, reserved 1048576K
}
Event: 39.901 GC heap after
{Heap after GC invocations=59 (full 0):
 garbage-first heap   total 376832K, used 87378K [0x0000000084e00000, 0x0000000100000000)
  region size 1024K, 10 young (10240K), 10 survivors (10240K)
 Metaspace       used 99388K, committed 99968K, reserved 1138688K
  class space    used 13425K, committed 13696K, reserved 1048576K
}

